#
# There is insufficient memory for the Java Runtime Environment to continue.
# Native memory allocation (mmap) failed to map 132120576 bytes for G1 virtual space
# Possible reasons:
#   The system is out of physical RAM or swap space
#   The process is running with CompressedOops enabled, and the Java Heap may be blocking the growth of the native heap
# Possible solutions:
#   Reduce memory load on the system
#   Increase physical memory or swap space
#   Check if swap backing store is full
#   Decrease Java heap size (-Xmx/-Xms)
#   Decrease number of Java threads
#   Decrease Java thread stack sizes (-Xss)
#   Set larger code cache with -XX:ReservedCodeCacheSize=
#   JVM is running with Unscaled Compressed Oops mode in which the Java heap is
#     placed in the first 4GB address space. The Java Heap base address is the
#     maximum limit for the native heap growth. Please use -XX:HeapBaseMinAddress
#     to set the Java Heap base and to place the Java Heap above 4GB virtual address.
# This output file may be truncated or incomplete.
#
#  Out of Memory Error (os_windows.cpp:3825), pid=6908, tid=5576
#
# JRE version:  (17.0.10) (build )
# Java VM: OpenJDK 64-Bit Server VM (17.0.10+0--11572160, mixed mode, sharing, tiered, compressed oops, compressed class ptrs, g1 gc, windows-amd64)
# No core dump will be written. Minidumps are not enabled by default on client versions of Windows
#

---------------  S U M M A R Y ------------

Command Line: 

Host: 11th Gen Intel(R) Core(TM) i5-1155G7 @ 2.50GHz, 8 cores, 7G,  Windows 11 , 64 bit Build 22621 (10.0.22621.3672)
Time: Sun Jun 16 17:12:06 2024 Türkiye Standart Saati elapsed time: 0.048123 seconds (0d 0h 0m 0s)

---------------  T H R E A D  ---------------

Current thread (0x000002486a40cff0):  JavaThread "Unknown thread" [_thread_in_vm, id=5576, stack(0x00000088e3600000,0x00000088e3700000)]

Stack: [0x00000088e3600000,0x00000088e3700000]
Native frames: (J=compiled Java code, j=interpreted, Vv=VM code, C=native code)
V  [jvm.dll+0x688e89]
V  [jvm.dll+0x84247a]
V  [jvm.dll+0x8440be]
V  [jvm.dll+0x844723]
V  [jvm.dll+0x24be0f]
V  [jvm.dll+0x685c59]
V  [jvm.dll+0x67a50a]
V  [jvm.dll+0x30cbab]
V  [jvm.dll+0x314056]
V  [jvm.dll+0x363dce]
V  [jvm.dll+0x363fff]
V  [jvm.dll+0x2e2978]
V  [jvm.dll+0x2e38e4]
V  [jvm.dll+0x813011]
V  [jvm.dll+0x371c81]
V  [jvm.dll+0x7f1b66]
V  [jvm.dll+0x3f58df]
V  [jvm.dll+0x3f7511]
C  [jli.dll+0x528f]
C  [ucrtbase.dll+0x29333]
C  [KERNEL32.DLL+0x1257d]
C  [ntdll.dll+0x5af28]


---------------  P R O C E S S  ---------------

Threads class SMR info:
_java_thread_list=0x00007ffa0948ef58, length=0, elements={
}

Java Threads: ( => current thread )

Other Threads:
  0x000002486c5c6840 GCTaskThread "GC Thread#0" [stack: 0x00000088e3700000,0x00000088e3800000] [id=3884]
  0x000002486c5d7870 ConcurrentGCThread "G1 Main Marker" [stack: 0x00000088e3800000,0x00000088e3900000] [id=3880]
  0x000002486c5d8290 ConcurrentGCThread "G1 Conc#0" [stack: 0x00000088e3900000,0x00000088e3a00000] [id=4900]

[error occurred during error reporting (printing all threads), id 0xc0000005, EXCEPTION_ACCESS_VIOLATION (0xc0000005) at pc=0x00007ffa08c43547]

VM state: not at safepoint (not fully initialized)

VM Mutex/Monitor currently owned by a thread:  ([mutex/lock_event])
[0x000002486c56d820] Heap_lock - owner thread: 0x000002486a40cff0

Heap address: 0x0000000083600000, size: 1994 MB, Compressed Oops mode: 32-bit

CDS archive(s) mapped at: [0x0000000000000000-0x0000000000000000-0x0000000000000000), size 0, SharedBaseAddress: 0x0000000800000000, ArchiveRelocationMode: 1.
Narrow klass base: 0x0000000000000000, Narrow klass shift: 0, Narrow klass range: 0x0

GC Precious Log:
<Empty>

Heap:
 garbage-first heap   total 0K, used 0K [0x0000000083600000, 0x0000000100000000)
  region size 1024K, 0 young (0K), 0 survivors (0K)
 Metaspace       used 0K, committed 0K, reserved 0K
  class space    used 0K, committed 0K, reserved 0K

Heap Regions: E=young(eden), S=young(survivor), O=old, HS=humongous(starts), HC=humongous(continues), CS=collection set, F=free, OA=open archive, CA=closed archive, TAMS=top-at-mark-start (previous, next)

Card table byte_map: [0x000002487f160000,0x000002487f550000] _byte_map_base: 0x000002487ed45000

Marking Bits (Prev, Next): (CMBitMap*) 0x000002486c5c6e60, (CMBitMap*) 0x000002486c5c6ea0
 Prev Bits: [0x0000024800000000, 0x0000024801f28000)
 Next Bits: [0x0000024801f30000, 0x0000024803e58000)

GC Heap History (0 events):
No events

Dll operation events (1 events):
Event: 0.028 Loaded shared library C:\Program Files\Android\Android Studio\jbr\bin\java.dll

Deoptimization events (0 events):
No events

Classes unloaded (0 events):
No events

Classes redefined (0 events):
No events

Internal exceptions (0 events):
No events

VM Operations (0 events):
No events

Events (0 events):
No events


Dynamic libraries:
0x00007ff7a6bf0000 - 0x00007ff7a6bfa000 	C:\Program Files\Android\Android Studio\jbr\bin\java.EXE
0x00007ffaed2d0000 - 0x00007ffaed4e7000 	C:\WINDOWS\SYSTEM32\ntdll.dll
0x00007ffaec550000 - 0x00007ffaec614000 	C:\WINDOWS\System32\KERNEL32.DLL
0x00007ffaea720000 - 0x00007ffaeaacc000 	C:\WINDOWS\System32\KERNELBASE.dll
0x00007ffaea600000 - 0x00007ffaea711000 	C:\WINDOWS\System32\ucrtbase.dll
0x00007ffab4250000 - 0x00007ffab4267000 	C:\Program Files\Android\Android Studio\jbr\bin\jli.dll
0x00007ffacefb0000 - 0x00007ffacefcb000 	C:\Program Files\Android\Android Studio\jbr\bin\VCRUNTIME140.dll
0x00007ffaeb5b0000 - 0x00007ffaeb75e000 	C:\WINDOWS\System32\USER32.dll
0x00007ffaeacc0000 - 0x00007ffaeace6000 	C:\WINDOWS\System32\win32u.dll
0x00007ffaed060000 - 0x00007ffaed089000 	C:\WINDOWS\System32\GDI32.dll
0x00007ffaccc00000 - 0x00007ffacce93000 	C:\WINDOWS\WinSxS\amd64_microsoft.windows.common-controls_6595b64144ccf1df_6.0.22621.3672_none_2713b9d173822955\COMCTL32.dll
0x00007ffaeab70000 - 0x00007ffaeac89000 	C:\WINDOWS\System32\gdi32full.dll
0x00007ffaeaad0000 - 0x00007ffaeab6a000 	C:\WINDOWS\System32\msvcp_win.dll
0x00007ffaeb840000 - 0x00007ffaeb8e7000 	C:\WINDOWS\System32\msvcrt.dll
0x00007ffaed020000 - 0x00007ffaed051000 	C:\WINDOWS\System32\IMM32.DLL
0x00007ffab1920000 - 0x00007ffab192c000 	C:\Program Files\Android\Android Studio\jbr\bin\vcruntime140_1.dll
0x00007ffa098e0000 - 0x00007ffa0996d000 	C:\Program Files\Android\Android Studio\jbr\bin\msvcp140.dll
0x00007ffa08950000 - 0x00007ffa095d3000 	C:\Program Files\Android\Android Studio\jbr\bin\server\jvm.dll
0x00007ffaece10000 - 0x00007ffaecec2000 	C:\WINDOWS\System32\ADVAPI32.dll
0x00007ffaec620000 - 0x00007ffaec6ca000 	C:\WINDOWS\System32\sechost.dll
0x00007ffaeac90000 - 0x00007ffaeacb8000 	C:\WINDOWS\System32\bcrypt.dll
0x00007ffaec6d0000 - 0x00007ffaec7e5000 	C:\WINDOWS\System32\RPCRT4.dll
0x00007ffae5db0000 - 0x00007ffae5de4000 	C:\WINDOWS\SYSTEM32\WINMM.dll
0x00007ffae1860000 - 0x00007ffae186a000 	C:\WINDOWS\SYSTEM32\VERSION.dll
0x00007ffae97f0000 - 0x00007ffae983d000 	C:\WINDOWS\SYSTEM32\POWRPROF.dll
0x00007ffa4cc30000 - 0x00007ffa4cc39000 	C:\WINDOWS\SYSTEM32\WSOCK32.dll
0x00007ffaed210000 - 0x00007ffaed281000 	C:\WINDOWS\System32\ws2_32.DLL
0x00007ffae96e0000 - 0x00007ffae96f3000 	C:\WINDOWS\SYSTEM32\UMPDC.dll
0x00007ffae9670000 - 0x00007ffae9688000 	C:\WINDOWS\SYSTEM32\kernel.appcore.dll
0x00007ffab1910000 - 0x00007ffab191a000 	C:\Program Files\Android\Android Studio\jbr\bin\jimage.dll
0x00007ffae7e10000 - 0x00007ffae8042000 	C:\WINDOWS\SYSTEM32\DBGHELP.DLL
0x00007ffaeb220000 - 0x00007ffaeb5a8000 	C:\WINDOWS\System32\combase.dll
0x00007ffaec7f0000 - 0x00007ffaec8c7000 	C:\WINDOWS\System32\OLEAUT32.dll
0x00007ffaa9c50000 - 0x00007ffaa9c82000 	C:\WINDOWS\SYSTEM32\dbgcore.DLL
0x00007ffaeacf0000 - 0x00007ffaead6b000 	C:\WINDOWS\System32\bcryptPrimitives.dll
0x00007ffa098b0000 - 0x00007ffa098d5000 	C:\Program Files\Android\Android Studio\jbr\bin\java.dll

dbghelp: loaded successfully - version: 4.0.5 - missing functions: none
symbol engine: initialized successfully - sym options: 0x614 - pdb path: .;C:\Program Files\Android\Android Studio\jbr\bin;C:\WINDOWS\SYSTEM32;C:\WINDOWS\WinSxS\amd64_microsoft.windows.common-controls_6595b64144ccf1df_6.0.22621.3672_none_2713b9d173822955;C:\Program Files\Android\Android Studio\jbr\bin\server

VM Arguments:
java_command: <unknown>
java_class_path (initial): <not set>
Launcher Type: SUN_STANDARD

[Global flags]
     intx CICompilerCount                          = 4                                         {product} {ergonomic}
     uint ConcGCThreads                            = 2                                         {product} {ergonomic}
     uint G1ConcRefinementThreads                  = 8                                         {product} {ergonomic}
   size_t G1HeapRegionSize                         = 1048576                                   {product} {ergonomic}
    uintx GCDrainStackTargetSize                   = 64                                        {product} {ergonomic}
   size_t InitialHeapSize                          = 132120576                                 {product} {ergonomic}
   size_t MarkStackSize                            = 4194304                                   {product} {ergonomic}
   size_t MaxHeapSize                              = 2090860544                                {product} {ergonomic}
   size_t MinHeapDeltaBytes                        = 1048576                                   {product} {ergonomic}
   size_t MinHeapSize                              = 8388608                                   {product} {ergonomic}
    uintx NonNMethodCodeHeapSize                   = 5839372                                {pd product} {ergonomic}
    uintx NonProfiledCodeHeapSize                  = 122909434                              {pd product} {ergonomic}
    uintx ProfiledCodeHeapSize                     = 122909434                              {pd product} {ergonomic}
    uintx ReservedCodeCacheSize                    = 251658240                              {pd product} {ergonomic}
     bool SegmentedCodeCache                       = true                                      {product} {ergonomic}
   size_t SoftMaxHeapSize                          = 2090860544                             {manageable} {ergonomic}
     bool UseCompressedClassPointers               = true                           {product lp64_product} {ergonomic}
     bool UseCompressedOops                        = true                           {product lp64_product} {ergonomic}
     bool UseG1GC                                  = true                                      {product} {ergonomic}
     bool UseLargePagesIndividualAllocation        = false                                  {pd product} {ergonomic}

Logging:
Log output configuration:
 #0: stdout all=warning uptime,level,tags
 #1: stderr all=off uptime,level,tags

Environment Variables:
PATH=C:\Program Files\Common Files\Oracle\Java\javapath;C:\Program Files (x86)\Common Files\Oracle\Java\java8path;C:\Program Files (x86)\Common Files\Oracle\Java\javapath;C:\Windows\System32\HWAudioDriverLibs;C:\Windows\system32;C:\Windows;C:\Windows\System32\Wbem;C:\Windows\System32\WindowsPowerShell\v1.0\;C:\Windows\System32\OpenSSH\;C:\Users\Administrator\AppData\Local\Microsoft\WindowsApps;;C:\WINDOWS\system32;C:\WINDOWS;C:\WINDOWS\System32\Wbem;C:\WINDOWS\System32\WindowsPowerShell\v1.0\;C:\WINDOWS\System32\OpenSSH\;P:\xampp\php;C:\ProgramData\ComposerSetup\bin;C:\Program Files (x86)\Microsoft SQL Server\160\Tools\Binn\;C:\Program Files\Microsoft SQL Server\160\Tools\Binn\;C:\Program Files\Microsoft SQL Server\Client SDK\ODBC\170\Tools\Binn\;C:\Program Files\Microsoft SQL Server\160\DTS\Binn\;C:\Program Files\Microsoft SQL Server\150\Tools\Binn\;C:\Program Files (x86)\Microsoft SQL Server\160\DTS\Binn\;C:\Program Files\dotnet\;C:\Users\alast\AppData\Local\Programs\Python\Python310\Scripts\;C:\Users\alast\AppData\Local\Programs\Python\Python310\;C:\Windows\System32\HWAudioDriverLibs;C:\Windows\system32;C:\Windows;C:\Windows\System32\Wbem;C:\Windows\System32\WindowsPowerShell\v1.0\;C:\Windows\System32\OpenSSH\;C:\Users\Administrator\AppData\Local\Microsoft\WindowsApps;C:\WINDOWS\system32;C:\WINDOWS;C:\WINDOWS\System32\Wbem;C:\WINDOWS\System32\WindowsPowerShell\v1.0\;C:\WINDOWS\System32\OpenSSH\;C:\Program Files\dotnet\;C:\Windows\System32\HWAudioDriverLibs;C:\Windows\system32;C:\Windows;C:\Windows\System32\Wbem;C:\Windows\System32\WindowsPowerShell\v1.0\;C:\Windows\System32\OpenSSH\;C:\Users\Administrator\AppData\Local\Microsoft\WindowsApps;C:\WINDOWS\system32;C:\WINDOWS;C:\WINDOWS\System32\Wbem;C:\WINDOWS\System32\WindowsPowerShell\v1.0\;C:\WINDOWS\System32\OpenSSH\;C:\Program Files\dotnet\;C:\Windows\System32\HWAudioDriverLibs;C:\Windows\system32;C:\Windows;C:\Windows\System32\Wbem;C:\Windows\System32\WindowsPowerShell\v1.0\;C:\Windows\System32\OpenSSH\;C:\Users\A
USERNAME=alast
OS=Windows_NT
PROCESSOR_IDENTIFIER=Intel64 Family 6 Model 140 Stepping 2, GenuineIntel
TMP=C:\Users\alast\AppData\Local\Temp
TEMP=C:\Users\alast\AppData\Local\Temp



Periodic native trim disabled

JNI global refs:
JNI global refs: 0, weak refs: 0

JNI global refs memory usage: 0, weak refs: 0

OOME stack traces (most recent first):
Classloader memory used:


---------------  S Y S T E M  ---------------

OS:
 Windows 11 , 64 bit Build 22621 (10.0.22621.3672)
OS uptime: 0 days 0:25 hours
Hyper-V role detected

CPU: total 8 (initial active 8) (4 cores per cpu, 2 threads per core) family 6 model 140 stepping 2 microcode 0x16, cx8, cmov, fxsr, ht, mmx, 3dnowpref, sse, sse2, sse3, ssse3, sse4.1, sse4.2, popcnt, lzcnt, tsc, tscinvbit, avx, avx2, aes, erms, clmul, bmi1, bmi2, adx, avx512f, avx512dq, avx512cd, avx512bw, avx512vl, sha, fma, vzeroupper, avx512_vpopcntdq, avx512_vpclmulqdq, avx512_vaes, avx512_vnni, clflush, clflushopt, clwb, avx512_vbmi2, avx512_vbmi, hv
Processor Information for processor 0
  Max Mhz: 2496, Current Mhz: 2496, Mhz Limit: 2496
Processor Information for processor 1
  Max Mhz: 2496, Current Mhz: 2496, Mhz Limit: 2496
Processor Information for processor 2
  Max Mhz: 2496, Current Mhz: 2496, Mhz Limit: 2496
Processor Information for processor 3
  Max Mhz: 2496, Current Mhz: 2496, Mhz Limit: 2496
Processor Information for processor 4
  Max Mhz: 2496, Current Mhz: 1198, Mhz Limit: 2496
Processor Information for processor 5
  Max Mhz: 2496, Current Mhz: 2496, Mhz Limit: 2496
Processor Information for processor 6
  Max Mhz: 2496, Current Mhz: 2496, Mhz Limit: 2496
Processor Information for processor 7
  Max Mhz: 2496, Current Mhz: 1198, Mhz Limit: 2496

Memory: 4k page, system-wide physical 7975M (214M free)
TotalPageFile size 20775M (AvailPageFile size 94M)
current process WorkingSet (physical memory assigned to process): 11M, peak: 11M
current process commit charge ("private bytes"): 60M, peak: 186M

vm_info: OpenJDK 64-Bit Server VM (17.0.10+0--11572160) for windows-amd64 JRE (17.0.10+0--11572160), built on Mar 13 2024 23:56:38 by "androidbuild" with MS VC++ 16.10 / 16.11 (VS2019)

END.
